"GET /en/admin/admin_interface/theme/ HTTP/1.1" 500 59
"GET /en/admin/ HTTP/1.1" 500 59
"GET /en/admin/ HTTP/1.1" 500 59
"GET /en/list/ HTTP/1.1" 500 59
"GET /en/list/ HTTP/1.1" 500 59
"GET /en/list/ HTTP/1.1" 500 59
"GET /en/list/ HTTP/1.1" 500 59
"GET /en/news/test-title1 HTTP/1.1" 500 202172
"GET /en/news/test-title1 HTTP/1.1" 500 202208
"GET /en/news/test-title1 HTTP/1.1" 500 201744
"GET /ru/news/test-title1 HTTP/1.1" 500 202223
"GET /en/list/ HTTP/1.1" 500 182191
"GET /en/list/ HTTP/1.1" 500 184219
"GET /en/list/ HTTP/1.1" 500 184219
"GET /en/list/ HTTP/1.1" 500 182172
"GET /en/news/test-title1 HTTP/1.1" 500 110604
"GET /en/news/test-title1 HTTP/1.1" 500 110741
"GET /en/news/test-title1 HTTP/1.1" 500 110741
"GET /en/news/test2 HTTP/1.1" 500 110810
"POST /en/likes/2 HTTP/1.1" 500 88464
"POST /en/likes/test2 HTTP/1.1" 500 88504
"POST /en/likes/test2 HTTP/1.1" 500 88504
"POST /en/likes/test3 HTTP/1.1" 500 112502
"POST /en/likes/test3 HTTP/1.1" 500 112258
"POST /en/likes/test3 HTTP/1.1" 500 93065
"POST /en/likes/test3 HTTP/1.1" 500 91561
"POST /en/likes/test3 HTTP/1.1" 500 91561
"POST /en/likes/test3 HTTP/1.1" 500 88505
"POST /en/likes/test3 HTTP/1.1" 500 88505
"POST /en/likes/test3 HTTP/1.1" 500 102019
"POST /en/likes/test3 HTTP/1.1" 500 102051
"POST /en/likes/test4 HTTP/1.1" 500 112272
"POST /en/likes/test4 HTTP/1.1" 500 88505
"POST /en/likes/test4 HTTP/1.1" 500 92130
"GET /en/likes/test4 HTTP/1.1" 500 92100
"POST /en/likes/test4 HTTP/1.1" 500 119657
"POST /en/likes/test4 HTTP/1.1" 500 124208
"POST /en/likes/test4 HTTP/1.1" 500 124226
"GET /en/news/test4 HTTP/1.1" 500 143660
"GET /en/news/test4 HTTP/1.1" 500 143824
"GET /en/news/test-title1 HTTP/1.1" 500 206181
"GET /en/admin/login/?next=/en/admin/ HTTP/1.1" 500 353470
"GET /en/list/ HTTP/1.1" 500 125299
"GET /en/list/ HTTP/1.1" 500 125329
"GET /en/list/ HTTP/1.1" 500 125381
"GET /en/list/ HTTP/1.1" 500 125645
"GET /en/list/ HTTP/1.1" 500 125441
"GET /en/news/test2 HTTP/1.1" 500 111072
"GET /en/news/test2 HTTP/1.1" 500 111213
"GET /en/list/ HTTP/1.1" 500 86347
"POST /en/registration/login/ HTTP/1.1" 500 87686
"POST /en/registration/login/ HTTP/1.1" 500 87648
"GET /en/list/ HTTP/1.1" 500 86291
"GET /en/list/ HTTP/1.1" 500 86602
"GET /en/list/ HTTP/1.1" 500 82374
"GET /en/list/ HTTP/1.1" 500 82522
"GET /en/list/ HTTP/1.1" 500 86368
"GET /en/list/ HTTP/1.1" 500 86602
"GET /en/list/ HTTP/1.1" 500 154734
"GET /en/list/ HTTP/1.1" 500 154871
"GET /en/list/ HTTP/1.1" 500 154796
"GET /en/list/ HTTP/1.1" 500 154871
"GET /en/list/ HTTP/1.1" 500 154871
"GET /en/list/ HTTP/1.1" 500 155026
"GET /en/list/ HTTP/1.1" 500 155026
"GET /en/list/ HTTP/1.1" 500 155019
"GET /en/list/ HTTP/1.1" 500 97412
"GET /en/list/ HTTP/1.1" 500 97412
"GET /en/list/ HTTP/1.1" 500 97412
"GET /en/list/ HTTP/1.1" 500 97524
"GET /en/admin/Users/customusermodel/add/ HTTP/1.1" 500 91921
"GET /en/admin/Users/customusermodel/ HTTP/1.1" 500 91785
"GET /en/admin/Users/customusermodel/1/change/ HTTP/1.1" 500 91890
"GET /en/admin/ HTTP/1.1" 500 91471
"GET /en/ HTTP/1.1" 500 91431
"GET /en/ HTTP/1.1" 500 91568
"GET /en/ HTTP/1.1" 500 101786
"POST /en/registration/signup/ HTTP/1.1" 500 124206
"POST /en/registration/signup/ HTTP/1.1" 500 123721
"POST /en/registration/signup/ HTTP/1.1" 500 132316
"POST /en/registration/login/?next=/en/likes/test2 HTTP/1.1" 500 143205
"POST /en/registration/login/?next=/en/likes/test2 HTTP/1.1" 500 143016
"POST /en/registration/login/?next=/en/likes/test2 HTTP/1.1" 500 143344
"POST /en/registration/login/?next=/en/likes/test2 HTTP/1.1" 500 143494
"GET /en/admin/Users/token/ HTTP/1.1" 500 195023
"GET /en/admin/Users/token/ HTTP/1.1" 500 195160
"POST /en/admin/Users/customusermodel/ HTTP/1.1" 500 217383
"POST /en/admin/Users/customusermodel/ HTTP/1.1" 500 165066
"POST /en/admin/Users/customusermodel/ HTTP/1.1" 500 165066
"POST /en/admin/Users/customusermodel/ HTTP/1.1" 500 165066
"POST /en/admin/Users/customusermodel/ HTTP/1.1" 500 165066
"POST /en/admin/Users/customusermodel/ HTTP/1.1" 500 165066
"POST /en/admin/Users/customusermodel/ HTTP/1.1" 500 165066
"POST /en/admin/Users/customusermodel/ HTTP/1.1" 500 165066
"POST /en/admin/Users/customusermodel/ HTTP/1.1" 500 165066
"POST /en/admin/Users/customusermodel/ HTTP/1.1" 500 165066
"POST /en/admin/Users/customusermodel/ HTTP/1.1" 500 165066
"POST /en/admin/Users/customusermodel/ HTTP/1.1" 500 165066
"GET /en/admin/Users/token/1/change/ HTTP/1.1" 500 132756
"GET /en/admin/Users/token/1/change/ HTTP/1.1" 500 194023
"GET /en/email-verify/bhddio-17f903f3242a774477aea7604a94f023/ HTTP/1.1" 500 92028
"GET /en/email-verify/bhddio-17f903f3242a774477aea7604a94f023/ HTTP/1.1" 500 91716
"GET /en/email-verify/bhddio-17f903f3242a774477aea7604a94f023/ HTTP/1.1" 500 91668
"GET /en/email-verify/bhddio-17f903f3242a774477aea7604a94f023/ HTTP/1.1" 500 91668
"GET /en/email-verify/bhddio-17f903f3242a774477aea7604a94f023/ HTTP/1.1" 500 91668
"GET /en/email-verify/bhddio-17f903f3242a774477aea7604a94f023/ HTTP/1.1" 500 91851
"GET /en/email-verify/bhddio-17f903f3242a774477aea7604a94f023/ HTTP/1.1" 500 91827
"GET /en/email-verify/bhddio-17f903f3242a774477aea7604a94f023/ HTTP/1.1" 500 91719
"GET /en/email-verify/bhddio-17f903f3242a774477aea7604a94f023/ HTTP/1.1" 500 91833
"GET /en/email-verify/bhddio-17f903f3242a774477aea7604a94f023/ HTTP/1.1" 500 91815
"GET /en/email-verify/bhddio-17f903f3242a774477aea7604a94f023/ HTTP/1.1" 500 91331
"POST /en/registration/signup/ HTTP/1.1" 500 147546
"POST /en/registration/signup/ HTTP/1.1" 500 147681
"POST /en/admin/Users/customusermodel/ HTTP/1.1" 500 163160
"POST /en/admin/Users/customusermodel/ HTTP/1.1" 500 159763
"POST /en/admin/Users/customusermodel/ HTTP/1.1" 500 159763
"POST /en/admin/Users/customusermodel/add/ HTTP/1.1" 500 194459
"POST /en/admin/Users/customusermodel/add/ HTTP/1.1" 500 206495
"POST /en/admin/Users/customusermodel/add/ HTTP/1.1" 500 206495
"POST /en/admin/Users/customusermodel/add/ HTTP/1.1" 500 206500
"POST /en/admin/Users/customusermodel/ HTTP/1.1" 500 4256499
"POST /en/admin/Users/customusermodel/add/ HTTP/1.1" 500 195387
"POST /en/admin/Users/customusermodel/add/ HTTP/1.1" 500 203561
"POST /en/admin/Users/customusermodel/add/ HTTP/1.1" 500 195358
"POST /en/admin/Users/customusermodel/add/ HTTP/1.1" 500 195337
"POST /en/admin/Users/customusermodel/add/ HTTP/1.1" 500 195338
"POST /en/admin/Users/customusermodel/add/ HTTP/1.1" 500 203520
"POST /en/admin/Users/customusermodel/add/ HTTP/1.1" 500 203446
"POST /en/admin/Users/customusermodel/add/ HTTP/1.1" 500 203423
"POST /en/admin/Users/customusermodel/add/ HTTP/1.1" 500 203431
"POST /en/admin/Users/customusermodel/add/ HTTP/1.1" 500 203408
"POST /en/admin/Users/customusermodel/add/ HTTP/1.1" 500 195243
"POST /en/admin/Users/customusermodel/add/ HTTP/1.1" 500 203424
"POST /en/admin/Users/customusermodel/add/ HTTP/1.1" 500 203824
"POST /en/admin/Users/customusermodel/add/ HTTP/1.1" 500 203834
"POST /en/admin/Users/customusermodel/add/ HTTP/1.1" 500 207982
"GET /en/profile/Admin/ HTTP/1.1" 500 108810
"GET /en/profile/Admins/ HTTP/1.1" 500 108826
"GET /en/profile/Admins/ HTTP/1.1" 500 108963
"GET /en/profile/Admins/ HTTP/1.1" 500 108963
"GET /en/profile/Admin/ HTTP/1.1" 500 108810
"GET /en/profile/Admin/ HTTP/1.1" 500 108947
"GET /en/profile/Admin/ HTTP/1.1" 500 108947
"GET /en/profile/shaxzod/ HTTP/1.1" 500 126064
"GET /en/profile/shaxzod/ HTTP/1.1" 500 125849
"GET /en/profile/shaxzod/ HTTP/1.1" 500 126247
"GET /en/profile-edit/admin/ HTTP/1.1" 500 108962
"GET /en/profile-edit/admin/ HTTP/1.1" 500 109099
"GET /en/profile-edit/admin/ HTTP/1.1" 500 109099
"GET /en/profile-edit/admin/ HTTP/1.1" 500 117757
"GET /en/profile-edit/admin/ HTTP/1.1" 500 117757
"GET /en/profile-edit/shaxzod/ HTTP/1.1" 500 121031
"GET /en/profile-edit/shaxzod/ HTTP/1.1" 500 121307
"GET /en/profile-edit/shaxzod/ HTTP/1.1" 500 117333
"GET /en/profile-edit/shaxzod/ HTTP/1.1" 500 117333
"GET /en/profile-edit/shaxzod/ HTTP/1.1" 500 117333
"GET /en/profile-edit/shaxzod/ HTTP/1.1" 500 117333
"GET /en/profile-edit/shaxzod/ HTTP/1.1" 500 117333
"GET /en/profile-edit/shaxzod/ HTTP/1.1" 500 117333
"GET /ru/registration/signup/ HTTP/1.1" 500 206768
"GET /uz/news/test2 HTTP/1.1" 500 163226
"GET /en/admin/Comments/articlecomment/1/change/ HTTP/1.1" 500 135881
"GET /en/admin/Comments/articlecomment/1/change/ HTTP/1.1" 500 136034
"POST /en/admin/Comments/articlecomment/ HTTP/1.1" 500 158284
"GET /en/admin/Articles/articlemodel/1/change/ HTTP/1.1" 500 777780
"GET /en/news/tist1 HTTP/1.1" 500 126589
"POST /en/dislikes/tist1 HTTP/1.1" 500 133031
"GET /robots.txt HTTP/1.1" 500 106876
"POST /ru/comment/tist1/ HTTP/1.1" 500 113417
"POST /ru/comment/tist1/ HTTP/1.1" 500 113417
"POST /ru/comment/tist1/ HTTP/1.1" 500 105640
"GET /ru/news/tist1/ HTTP/1.1" 500 112523
"GET /ru/news/tist1/ HTTP/1.1" 500 112557
"GET /ru/news/tist1/ HTTP/1.1" 500 112382
"GET /ru/news/tist1/ HTTP/1.1" 500 246400
"GET /ru/news/tist1/?csrfmiddlewaretoken=8LuLSQL1IILoY9lU6nFKNkEjMQXSXpOSB7t4M4hWURvrRPp3SsP8pYCmb3gfS8dh HTTP/1.1" 500 245061
"GET /ru/news/tist1/?csrfmiddlewaretoken=8LuLSQL1IILoY9lU6nFKNkEjMQXSXpOSB7t4M4hWURvrRPp3SsP8pYCmb3gfS8dh HTTP/1.1" 500 233612
"GET /ru/news/tist1/ HTTP/1.1" 500 97893
"GET /ru/news/tist1/ HTTP/1.1" 500 97893
"GET /ru/news/tist1/ HTTP/1.1" 500 97893
"GET /ru/news/tist1/ HTTP/1.1" 500 97893
"GET /ru/news/tist1/ HTTP/1.1" 500 97893
"GET /ru/news/tist1/ HTTP/1.1" 500 97893
"GET /ru/news/tist1/ HTTP/1.1" 500 97893
"GET /ru/news/tist1/ HTTP/1.1" 500 97893
"GET /ru/news/tist1/ HTTP/1.1" 500 97893
"GET /ru/news/tist1/ HTTP/1.1" 500 97893
"GET /ru/news/tist1/ HTTP/1.1" 500 97893
"GET /ru/news/tist1/ HTTP/1.1" 500 98139
"GET /ru/news/tist1/ HTTP/1.1" 500 98145
"GET /ru/news/tist1/ HTTP/1.1" 500 98241
"GET /ru/news/tist1/ HTTP/1.1" 500 98241
"GET /ru/news/tist1/ HTTP/1.1" 500 98109
"GET /ru/news/test2/ HTTP/1.1" 500 98661
"POST /ru/news/test2/ HTTP/1.1" 500 178659
"POST /ru/news/test2/ HTTP/1.1" 500 178651
"GET /ru/news/test2/ HTTP/1.1" 500 229932
"GET /en/admin/Articles/articlemodel/ HTTP/1.1" 500 522944
"GET /en/admin/Articles/articlemodel/ HTTP/1.1" 500 522910
"GET /en/admin/Articles/articlemodel/ HTTP/1.1" 500 522887
"POST /en/admin/Channels/channel/add/ HTTP/1.1" 500 140336
"GET /en/admin/Channels/channel/4/change/ HTTP/1.1" 500 193290
"GET /en/admin/Channels/channel/4/change/ HTTP/1.1" 500 193427
"GET /en/admin/Channels/channel/4/change/ HTTP/1.1" 500 193290
"GET /en/admin/Channels/channel/4/change/ HTTP/1.1" 500 193427
"GET /en/admin/Channels/channel/4/change/ HTTP/1.1" 500 193427
"GET /en/admin/Channels/channel/4/change/ HTTP/1.1" 500 193427
"GET /en/admin/Channels/channel/4/change/ HTTP/1.1" 500 193409
"GET /en/admin/Channels/channel/ HTTP/1.1" 500 175579
"GET /en/admin/Channels/channel/ HTTP/1.1" 500 175547
"POST /en/admin/Channels/channel/ HTTP/1.1" 500 209700
"GET /en/admin/Channels/channel/ HTTP/1.1" 500 175293
"GET /en/admin/Channels/channel/ HTTP/1.1" 500 175584
"POST /en/admin/Articles/articlemodel/add/ HTTP/1.1" 500 142603
"GET /en/channels/ HTTP/1.1" 500 150804
"GET /en/list/ HTTP/1.1" 500 125070
"GET /en/list/ HTTP/1.1" 500 125339
"POST /en/admin/Channels/channel/4/change/ HTTP/1.1" 500 156316
"POST /en/admin/Channels/channel/4/change/ HTTP/1.1" 500 217526
"POST /en/admin/Channels/channel/4/change/ HTTP/1.1" 500 217526
